

Processing HomeController#index (for 127.0.0.1 at 2009-11-04 15:07:56) [GET]
Rendering home/index
Completed in 17ms (View: 12, DB: 0) | 200 OK [http://localhost/]
  [4;36;1mSQL (0.5ms)[0m   [0;1m SELECT name
 FROM sqlite_master
 WHERE type = 'table' AND NOT name = 'sqlite_sequence'
[0m
  [4;35;1mSQL (0.5ms)[0m   [0mselect sqlite_version(*)[0m
  [4;36;1mSQL (3.8ms)[0m   [0;1mCREATE TABLE "schema_migrations" ("version" varchar(255) NOT NULL) [0m
  [4;35;1mSQL (3.0ms)[0m   [0mCREATE UNIQUE INDEX "unique_schema_migrations" ON "schema_migrations" ("version")[0m
  [4;36;1mSQL (0.2ms)[0m   [0;1m SELECT name
 FROM sqlite_master
 WHERE type = 'table' AND NOT name = 'sqlite_sequence'
[0m
  [4;35;1mSQL (0.2ms)[0m   [0mSELECT version FROM schema_migrations[0m
Migrating to CreatePosts (20091104230933)
  [4;36;1mSQL (1.3ms)[0m   [0;1mCREATE TABLE "posts" ("id" INTEGER PRIMARY KEY AUTOINCREMENT NOT NULL, "name" varchar(255), "title" varchar(255), "content" text, "created_at" datetime, "updated_at" datetime) [0m
  [4;35;1mSQL (0.4ms)[0m   [0mINSERT INTO schema_migrations (version) VALUES ('20091104230933')[0m
  [4;36;1mSQL (0.7ms)[0m   [0;1m SELECT name
 FROM sqlite_master
 WHERE type = 'table' AND NOT name = 'sqlite_sequence'
[0m
  [4;35;1mSQL (0.3ms)[0m   [0mSELECT version FROM schema_migrations[0m
  [4;36;1mSQL (0.4ms)[0m   [0;1m SELECT name
 FROM sqlite_master
 WHERE type = 'table' AND NOT name = 'sqlite_sequence'
[0m
  [4;35;1mSQL (0.1ms)[0m   [0mPRAGMA index_list("posts")[0m


Processing HomeController#index (for 127.0.0.1 at 2009-11-04 15:10:51) [GET]
Rendering home/index
Completed in 98ms (View: 93, DB: 0) | 200 OK [http://localhost/]


Processing PostsController#index (for 127.0.0.1 at 2009-11-04 15:10:53) [GET]
  [4;36;1mPost Load (1.0ms)[0m   [0;1mSELECT * FROM "posts" [0m
Rendering template within layouts/posts
Rendering posts/index
Completed in 56ms (View: 43, DB: 1) | 200 OK [http://localhost/posts]


Processing PostsController#new (for 127.0.0.1 at 2009-11-04 15:10:55) [GET]
Rendering template within layouts/posts
Rendering posts/new
Completed in 38ms (View: 23, DB: 0) | 200 OK [http://localhost/posts/new]


Processing PostsController#create (for 127.0.0.1 at 2009-11-04 15:11:09) [POST]
  Parameters: {"commit"=>"Create", "authenticity_token"=>"y0RBRL4N6TQwPyhuWSk7fcHOfMQAzPtsJ20Q+MppSZo=", "post"=>{"name"=>"Rob", "title"=>"First Post", "content"=>"Hi there!"}}
  [4;35;1mPost Create (1.2ms)[0m   [0mINSERT INTO "posts" ("name", "updated_at", "title", "content", "created_at") VALUES('Rob', '2009-11-04 23:11:09', 'First Post', 'Hi there!', '2009-11-04 23:11:09')[0m
Redirected to http://localhost:3000/posts/1
Completed in 24ms (DB: 1) | 302 Found [http://localhost/posts]


Processing PostsController#show (for 127.0.0.1 at 2009-11-04 15:11:09) [GET]
  Parameters: {"id"=>"1"}
  [4;36;1mPost Load (0.9ms)[0m   [0;1mSELECT * FROM "posts" WHERE ("posts"."id" = 1) [0m
Rendering template within layouts/posts
Rendering posts/show
Completed in 40ms (View: 22, DB: 1) | 200 OK [http://localhost/posts/1]


Processing PostsController#index (for 127.0.0.1 at 2009-11-04 15:11:11) [GET]
  [4;35;1mPost Load (1.2ms)[0m   [0mSELECT * FROM "posts" [0m
Rendering template within layouts/posts
Rendering posts/index
Completed in 32ms (View: 18, DB: 1) | 200 OK [http://localhost/posts]


Processing PostsController#edit (for 127.0.0.1 at 2009-11-04 15:11:14) [GET]
  Parameters: {"id"=>"1"}
  [4;36;1mPost Load (0.5ms)[0m   [0;1mSELECT * FROM "posts" WHERE ("posts"."id" = 1) [0m
Rendering template within layouts/posts
Rendering posts/edit
Completed in 43ms (View: 27, DB: 1) | 200 OK [http://localhost/posts/1/edit]


Processing PostsController#update (for 127.0.0.1 at 2009-11-04 15:11:20) [PUT]
  Parameters: {"commit"=>"Update", "authenticity_token"=>"y0RBRL4N6TQwPyhuWSk7fcHOfMQAzPtsJ20Q+MppSZo=", "post"=>{"name"=>"Rob", "title"=>"First Post", "content"=>"Hi there! !!!!"}, "id"=>"1"}
  [4;35;1mPost Load (0.5ms)[0m   [0mSELECT * FROM "posts" WHERE ("posts"."id" = 1) [0m
  [4;36;1mPost Update (0.9ms)[0m   [0;1mUPDATE "posts" SET "content" = 'Hi there! !!!!', "updated_at" = '2009-11-04 23:11:20' WHERE "id" = 1[0m
Redirected to http://localhost:3000/posts/1
Completed in 28ms (DB: 1) | 302 Found [http://localhost/posts/1]


Processing PostsController#show (for 127.0.0.1 at 2009-11-04 15:11:20) [GET]
  Parameters: {"id"=>"1"}
  [4;35;1mPost Load (0.6ms)[0m   [0mSELECT * FROM "posts" WHERE ("posts"."id" = 1) [0m
Rendering template within layouts/posts
Rendering posts/show
Completed in 21ms (View: 5, DB: 1) | 200 OK [http://localhost/posts/1]


Processing PostsController#index (for 127.0.0.1 at 2009-11-04 15:11:21) [GET]
  [4;36;1mPost Load (1.0ms)[0m   [0;1mSELECT * FROM "posts" [0m
Rendering template within layouts/posts
Rendering posts/index
Completed in 31ms (View: 18, DB: 1) | 200 OK [http://localhost/posts]


Processing PostsController#show (for 127.0.0.1 at 2009-11-04 15:11:23) [GET]
  Parameters: {"id"=>"1"}
  [4;35;1mPost Load (0.5ms)[0m   [0mSELECT * FROM "posts" WHERE ("posts"."id" = 1) [0m
Rendering template within layouts/posts
Rendering posts/show
Completed in 21ms (View: 6, DB: 1) | 200 OK [http://localhost/posts/1]


Processing PostsController#index (for 127.0.0.1 at 2009-11-04 15:11:25) [GET]
  [4;36;1mPost Load (1.0ms)[0m   [0;1mSELECT * FROM "posts" [0m
Rendering template within layouts/posts
Rendering posts/index
Completed in 31ms (View: 18, DB: 1) | 200 OK [http://localhost/posts]


Processing PostsController#new (for 127.0.0.1 at 2009-11-04 15:12:51) [GET]
Rendering template within layouts/posts
Rendering posts/new
Completed in 27ms (View: 12, DB: 0) | 200 OK [http://localhost/posts/new]


Processing PostsController#create (for 127.0.0.1 at 2009-11-04 15:12:53) [POST]
  Parameters: {"commit"=>"Create", "authenticity_token"=>"y0RBRL4N6TQwPyhuWSk7fcHOfMQAzPtsJ20Q+MppSZo=", "post"=>{"name"=>"", "title"=>"", "content"=>""}}
Rendering template within layouts/posts
Rendering posts/new
Completed in 57ms (View: 38, DB: 0) | 200 OK [http://localhost/posts]


Processing PostsController#create (for 127.0.0.1 at 2009-11-04 15:13:02) [POST]
  Parameters: {"commit"=>"Create", "authenticity_token"=>"y0RBRL4N6TQwPyhuWSk7fcHOfMQAzPtsJ20Q+MppSZo=", "post"=>{"name"=>"Rob", "title"=>"1234", "content"=>""}}
Rendering template within layouts/posts
Rendering posts/new
Completed in 41ms (View: 22, DB: 0) | 200 OK [http://localhost/posts]


Processing PostsController#create (for 127.0.0.1 at 2009-11-04 15:13:05) [POST]
  Parameters: {"commit"=>"Create", "authenticity_token"=>"y0RBRL4N6TQwPyhuWSk7fcHOfMQAzPtsJ20Q+MppSZo=", "post"=>{"name"=>"Rob", "title"=>"12345", "content"=>""}}
  [4;35;1mPost Create (1.4ms)[0m   [0mINSERT INTO "posts" ("name", "updated_at", "title", "content", "created_at") VALUES('Rob', '2009-11-04 23:13:05', '12345', '', '2009-11-04 23:13:05')[0m
Redirected to http://localhost:3000/posts/2
Completed in 26ms (DB: 1) | 302 Found [http://localhost/posts]


Processing PostsController#show (for 127.0.0.1 at 2009-11-04 15:13:05) [GET]
  Parameters: {"id"=>"2"}
  [4;36;1mPost Load (0.0ms)[0m   [0;1mSELECT * FROM "posts" WHERE ("posts"."id" = 2) [0m
Rendering template within layouts/posts
Rendering posts/show
Completed in 22ms (View: 5, DB: 0) | 200 OK [http://localhost/posts/2]


Processing PostsController#index (for 127.0.0.1 at 2009-11-04 15:13:07) [GET]
  [4;35;1mPost Load (1.2ms)[0m   [0mSELECT * FROM "posts" [0m
Rendering template within layouts/posts
Rendering posts/index
Completed in 42ms (View: 29, DB: 1) | 200 OK [http://localhost/posts]
  [4;36;1mPost Create (1.6ms)[0m   [0;1mINSERT INTO "posts" ("name", "updated_at", "title", "content", "created_at") VALUES('Rob', '2009-11-04 23:15:07', 'Hi there!', 'Blah', '2009-11-04 23:15:07')[0m


Processing PostsController#index (for 127.0.0.1 at 2009-11-04 15:15:16) [GET]
  [4;36;1mPost Load (2.0ms)[0m   [0;1mSELECT * FROM "posts" [0m
Rendering template within layouts/posts
Rendering posts/index
Completed in 55ms (View: 41, DB: 2) | 200 OK [http://localhost/posts]


Processing PostsController#show (for 127.0.0.1 at 2009-11-04 15:15:19) [GET]
  Parameters: {"id"=>"3"}
  [4;35;1mPost Load (0.1ms)[0m   [0mSELECT * FROM "posts" WHERE ("posts"."id" = 3) [0m
Rendering template within layouts/posts
Rendering posts/show
Completed in 22ms (View: 6, DB: 0) | 200 OK [http://localhost/posts/3]


Processing PostsController#edit (for 127.0.0.1 at 2009-11-04 15:15:23) [GET]
  Parameters: {"id"=>"3"}
  [4;36;1mPost Load (0.1ms)[0m   [0;1mSELECT * FROM "posts" WHERE ("posts"."id" = 3) [0m
Rendering template within layouts/posts
Rendering posts/edit
Completed in 32ms (View: 14, DB: 0) | 200 OK [http://localhost/posts/3/edit]


Processing PostsController#update (for 127.0.0.1 at 2009-11-04 15:15:27) [PUT]
  Parameters: {"commit"=>"Update", "authenticity_token"=>"y0RBRL4N6TQwPyhuWSk7fcHOfMQAzPtsJ20Q+MppSZo=", "post"=>{"name"=>"Rob", "title"=>"Hi there!", "content"=>"Blah2222"}, "id"=>"3"}
  [4;35;1mPost Load (0.4ms)[0m   [0mSELECT * FROM "posts" WHERE ("posts"."id" = 3) [0m
  [4;36;1mPost Update (0.7ms)[0m   [0;1mUPDATE "posts" SET "content" = 'Blah2222', "updated_at" = '2009-11-04 23:15:27' WHERE "id" = 3[0m
Redirected to http://localhost:3000/posts/3
Completed in 26ms (DB: 1) | 302 Found [http://localhost/posts/3]


Processing PostsController#show (for 127.0.0.1 at 2009-11-04 15:15:28) [GET]
  Parameters: {"id"=>"3"}
  [4;35;1mPost Load (0.6ms)[0m   [0mSELECT * FROM "posts" WHERE ("posts"."id" = 3) [0m
Rendering template within layouts/posts
Rendering posts/show
Completed in 23ms (View: 6, DB: 1) | 200 OK [http://localhost/posts/3]


Processing PostsController#index (for 127.0.0.1 at 2009-11-04 15:15:30) [GET]
  [4;36;1mPost Load (1.3ms)[0m   [0;1mSELECT * FROM "posts" [0m
Rendering template within layouts/posts
Rendering posts/index
Completed in 55ms (View: 40, DB: 1) | 200 OK [http://localhost/posts]


Processing PostsController#edit (for 127.0.0.1 at 2009-11-04 15:15:36) [GET]
  Parameters: {"id"=>"3"}
  [4;35;1mPost Load (0.4ms)[0m   [0mSELECT * FROM "posts" WHERE ("posts"."id" = 3) [0m
Rendering template within layouts/posts
Rendering posts/edit
Completed in 30ms (View: 15, DB: 0) | 200 OK [http://localhost/posts/3/edit]


Processing PostsController#update (for 127.0.0.1 at 2009-11-04 15:15:40) [PUT]
  Parameters: {"commit"=>"Update", "authenticity_token"=>"y0RBRL4N6TQwPyhuWSk7fcHOfMQAzPtsJ20Q+MppSZo=", "post"=>{"name"=>"Rob", "title"=>"Hi th", "content"=>"Blah2222"}, "id"=>"3"}
  [4;36;1mPost Load (0.6ms)[0m   [0;1mSELECT * FROM "posts" WHERE ("posts"."id" = 3) [0m
  [4;35;1mPost Update (0.7ms)[0m   [0mUPDATE "posts" SET "title" = 'Hi th', "updated_at" = '2009-11-04 23:15:40' WHERE "id" = 3[0m
Redirected to http://localhost:3000/posts/3
Completed in 28ms (DB: 1) | 302 Found [http://localhost/posts/3]


Processing PostsController#show (for 127.0.0.1 at 2009-11-04 15:15:40) [GET]
  Parameters: {"id"=>"3"}
  [4;36;1mPost Load (1.2ms)[0m   [0;1mSELECT * FROM "posts" WHERE ("posts"."id" = 3) [0m
Rendering template within layouts/posts
Rendering posts/show
Completed in 25ms (View: 7, DB: 1) | 200 OK [http://localhost/posts/3]


Processing PostsController#index (for 127.0.0.1 at 2009-11-04 15:15:44) [GET]
  [4;35;1mPost Load (1.3ms)[0m   [0mSELECT * FROM "posts" [0m
Rendering template within layouts/posts
Rendering posts/index
Completed in 57ms (View: 43, DB: 1) | 200 OK [http://localhost/posts]


Processing PostsController#edit (for 127.0.0.1 at 2009-11-04 15:15:48) [GET]
  Parameters: {"id"=>"3"}
  [4;36;1mPost Load (0.5ms)[0m   [0;1mSELECT * FROM "posts" WHERE ("posts"."id" = 3) [0m
Rendering template within layouts/posts
Rendering posts/edit
Completed in 92ms (View: 76, DB: 1) | 200 OK [http://localhost/posts/3/edit]


Processing PostsController#update (for 127.0.0.1 at 2009-11-04 15:15:53) [PUT]
  Parameters: {"commit"=>"Update", "authenticity_token"=>"y0RBRL4N6TQwPyhuWSk7fcHOfMQAzPtsJ20Q+MppSZo=", "post"=>{"name"=>"Rob", "title"=>"i", "content"=>"Blah2222"}, "id"=>"3"}
  [4;35;1mPost Load (0.5ms)[0m   [0mSELECT * FROM "posts" WHERE ("posts"."id" = 3) [0m
Rendering template within layouts/posts
Rendering posts/edit
Completed in 47ms (View: 26, DB: 1) | 200 OK [http://localhost/posts/3]
  [4;35;1mPost Load (1.7ms)[0m   [0mSELECT * FROM "posts" WHERE ("posts"."id" = 3) [0m


Processing PostsController#index (for 127.0.0.1 at 2009-11-04 15:17:25) [GET]
  [4;36;1mPost Load (2.2ms)[0m   [0;1mSELECT * FROM "posts" LIMIT 1[0m
Rendering template within layouts/posts
Rendering posts/index

ActionView::TemplateError (undefined method `each' for #<Post:0xb71c1990>) on line #10 of app/views/posts/index.html.erb:
7:     <th>Content</th>
8:   </tr>
9: 
10: <% @posts.each do |post| %>
11:   <tr>
12:     <td><%=h post.name %></td>
13:     <td><%=h post.title %></td>

    app/views/posts/index.html.erb:10
    app/controllers/posts_controller.rb:7:in `index'

Rendered rescues/_trace (107.0ms)
Rendered rescues/_request_and_response (3.3ms)
Rendering rescues/layout (internal_server_error)


Processing PostsController#index (for 127.0.0.1 at 2009-11-04 15:17:27) [GET]
  [4;35;1mPost Load (0.5ms)[0m   [0mSELECT * FROM "posts" LIMIT 1[0m
Rendering template within layouts/posts
Rendering posts/index

ActionView::TemplateError (undefined method `each' for #<Post:0xb7329bd4>) on line #10 of app/views/posts/index.html.erb:
7:     <th>Content</th>
8:   </tr>
9: 
10: <% @posts.each do |post| %>
11:   <tr>
12:     <td><%=h post.name %></td>
13:     <td><%=h post.title %></td>

    app/views/posts/index.html.erb:10
    app/controllers/posts_controller.rb:7:in `index'

Rendered rescues/_trace (100.3ms)
Rendered rescues/_request_and_response (0.6ms)
Rendering rescues/layout (internal_server_error)


Processing PostsController#index (for 127.0.0.1 at 2009-11-04 15:17:40) [GET]
  [4;36;1mPost Load (1.0ms)[0m   [0;1mSELECT * FROM "posts" LIMIT 1[0m
Rendering template within layouts/posts
Rendering posts/index

ActionView::TemplateError (undefined method `each' for #<Post:0xb7058eb4>) on line #10 of app/views/posts/index.html.erb:
7:     <th>Content</th>
8:   </tr>
9: 
10: <% @posts.each do |post| %>
11:   <tr>
12:     <td><%=h post.name %></td>
13:     <td><%=h post.title %></td>

    app/views/posts/index.html.erb:10
    app/controllers/posts_controller.rb:7:in `index'

Rendered rescues/_trace (71.1ms)
Rendered rescues/_request_and_response (1.0ms)
Rendering rescues/layout (internal_server_error)


Processing PostsController#index (for 127.0.0.1 at 2009-11-04 15:17:47) [GET]
  [4;35;1mPost Load (1.5ms)[0m   [0mSELECT * FROM "posts" [0m
Rendering template within layouts/posts
Rendering posts/index
Completed in 53ms (View: 38, DB: 2) | 200 OK [http://localhost/posts]
  [4;36;1mPost Load (1.6ms)[0m   [0;1mSELECT * FROM "posts" LIMIT 1[0m
  [4;35;1mPost Load (1.0ms)[0m   [0mSELECT * FROM "posts" [0m
  [4;36;1mPost Load (0.8ms)[0m   [0;1mSELECT * FROM "posts" LIMIT 1[0m


Processing PostsController#index (for 127.0.0.1 at 2009-11-04 15:20:07) [GET]
  [4;36;1mPost Load (0.7ms)[0m   [0;1mSELECT * FROM "posts" [0m
Rendering template within layouts/posts
Rendering posts/index
Completed in 61ms (View: 48, DB: 1) | 200 OK [http://localhost/posts]


Processing PostsController#index (for 127.0.0.1 at 2009-11-04 15:21:45) [GET]
  [4;35;1mPost Load (1.4ms)[0m   [0mSELECT * FROM "posts" [0m
Rendering template within layouts/posts
Rendering posts/index
Completed in 60ms (View: 46, DB: 1) | 200 OK [http://localhost/posts]


Processing PostsController#index (for 127.0.0.1 at 2009-11-04 15:21:46) [GET]
  [4;36;1mPost Load (0.6ms)[0m   [0;1mSELECT * FROM "posts" [0m
Rendering template within layouts/posts
Rendering posts/index
Completed in 111ms (View: 97, DB: 1) | 200 OK [http://localhost/posts]


Processing PostsController#index (for 127.0.0.1 at 2009-11-04 15:21:53) [GET]
  [4;35;1mPost Load (1.5ms)[0m   [0mSELECT * FROM "posts" [0m
Rendering template within layouts/posts
Rendering posts/index
Completed in 61ms (View: 48, DB: 2) | 200 OK [http://localhost/posts]


Processing PostsController#new (for 127.0.0.1 at 2009-11-04 15:25:26) [GET]
Rendering template within layouts/posts
Rendering posts/new
Completed in 27ms (View: 12, DB: 0) | 200 OK [http://localhost/posts/new]


Processing PostsController#index (for 127.0.0.1 at 2009-11-04 15:25:47) [GET]
  [4;36;1mPost Load (1.7ms)[0m   [0;1mSELECT * FROM "posts" [0m
Rendering template within layouts/posts
Rendering posts/index
Completed in 54ms (View: 39, DB: 2) | 200 OK [http://localhost/posts]


Processing PostsController#new (for 127.0.0.1 at 2009-11-04 15:28:26) [GET]
Rendering template within layouts/posts
Rendering posts/new
Completed in 26ms (View: 12, DB: 0) | 200 OK [http://localhost/posts/new]


Processing PostsController#create (for 127.0.0.1 at 2009-11-04 15:28:37) [POST]
  Parameters: {"commit"=>"Create", "authenticity_token"=>"y0RBRL4N6TQwPyhuWSk7fcHOfMQAzPtsJ20Q+MppSZo=", "post"=>{"name"=>"Rob", "title"=>"Testing", "content"=>"Yo"}}
  [4;35;1mPost Create (1.1ms)[0m   [0mINSERT INTO "posts" ("name", "updated_at", "title", "content", "created_at") VALUES('Rob', '2009-11-04 23:28:37', 'Testing', 'Yo', '2009-11-04 23:28:37')[0m
Redirected to http://localhost:3000/posts/4
Completed in 25ms (DB: 1) | 302 Found [http://localhost/posts]


Processing PostsController#show (for 127.0.0.1 at 2009-11-04 15:28:37) [GET]
  Parameters: {"id"=>"4"}
  [4;36;1mPost Load (0.8ms)[0m   [0;1mSELECT * FROM "posts" WHERE ("posts"."id" = 4) [0m
Rendering template within layouts/posts
Rendering posts/show
Completed in 94ms (View: 8, DB: 1) | 200 OK [http://localhost/posts/4]


Processing PostsController#index (for 127.0.0.1 at 2009-11-04 15:28:41) [GET]
  [4;35;1mPost Load (1.1ms)[0m   [0mSELECT * FROM "posts" [0m
Rendering template within layouts/posts
Rendering posts/index
Completed in 89ms (View: 74, DB: 1) | 200 OK [http://localhost/posts]


Processing PostsController#edit (for 127.0.0.1 at 2009-11-04 15:29:06) [GET]
  Parameters: {"id"=>"4"}
  [4;36;1mPost Load (0.9ms)[0m   [0;1mSELECT * FROM "posts" WHERE ("posts"."id" = 4) [0m
Rendering template within layouts/posts
Rendering posts/edit
Completed in 28ms (View: 13, DB: 1) | 200 OK [http://localhost/posts/4/edit]


Processing PostsController#update (for 127.0.0.1 at 2009-11-04 15:29:17) [PUT]
  Parameters: {"commit"=>"Update", "authenticity_token"=>"y0RBRL4N6TQwPyhuWSk7fcHOfMQAzPtsJ20Q+MppSZo=", "post"=>{"name"=>"Rob", "title"=>"Testing", "content"=>"Yoypoyoyyoyooy"}, "id"=>"4"}
  [4;35;1mPost Load (0.5ms)[0m   [0mSELECT * FROM "posts" WHERE ("posts"."id" = 4) [0m
  [4;36;1mPost Update (0.9ms)[0m   [0;1mUPDATE "posts" SET "content" = 'Yoypoyoyyoyooy', "updated_at" = '2009-11-04 23:29:17' WHERE "id" = 4[0m
Redirected to http://localhost:3000/posts/4
Completed in 28ms (DB: 1) | 302 Found [http://localhost/posts/4]


Processing PostsController#show (for 127.0.0.1 at 2009-11-04 15:29:17) [GET]
  Parameters: {"id"=>"4"}
  [4;35;1mPost Load (0.5ms)[0m   [0mSELECT * FROM "posts" WHERE ("posts"."id" = 4) [0m
Rendering template within layouts/posts
Rendering posts/show
Completed in 22ms (View: 5, DB: 0) | 200 OK [http://localhost/posts/4]


Processing PostsController#index (for 127.0.0.1 at 2009-11-04 15:29:19) [GET]
  [4;36;1mPost Load (22.3ms)[0m   [0;1mSELECT * FROM "posts" [0m
Rendering template within layouts/posts
Rendering posts/index
Completed in 95ms (View: 59, DB: 22) | 200 OK [http://localhost/posts]


Processing PostsController#show (for 127.0.0.1 at 2009-11-04 15:30:03) [GET]
  Parameters: {"id"=>"2"}
  [4;35;1mPost Load (1.7ms)[0m   [0mSELECT * FROM "posts" WHERE ("posts"."id" = 2) [0m
Rendering template within layouts/posts
Rendering posts/show
Completed in 93ms (View: 7, DB: 2) | 200 OK [http://localhost/posts/2]


Processing PostsController#show (for 127.0.0.1 at 2009-11-04 15:31:32) [GET]
  Parameters: {"id"=>"2"}
  [4;36;1mPost Load (1.3ms)[0m   [0;1mSELECT * FROM "posts" WHERE ("posts"."id" = 2) [0m
Rendering template within layouts/posts
Rendering posts/show
Completed in 31ms (View: 15, DB: 1) | 200 OK [http://localhost/posts/2]


Processing PostsController#edit (for 127.0.0.1 at 2009-11-04 15:31:35) [GET]
  Parameters: {"id"=>"2"}
  [4;35;1mPost Load (2.2ms)[0m   [0mSELECT * FROM "posts" WHERE ("posts"."id" = 2) [0m
Rendering template within layouts/posts
Rendering posts/edit
Completed in 32ms (View: 16, DB: 2) | 200 OK [http://localhost/posts/2/edit]


Processing PostsController#show (for 127.0.0.1 at 2009-11-04 15:37:22) [GET]
  Parameters: {"id"=>"2"}
  [4;36;1mPost Load (0.5ms)[0m   [0;1mSELECT * FROM "posts" WHERE ("posts"."id" = 2) [0m
Rendering template within layouts/posts
Rendering posts/show
Completed in 22ms (View: 7, DB: 1) | 200 OK [http://localhost/posts/2]


Processing PostsController#edit (for 127.0.0.1 at 2009-11-04 15:37:26) [GET]
  Parameters: {"id"=>"2"}
  [4;35;1mPost Load (1.0ms)[0m   [0mSELECT * FROM "posts" WHERE ("posts"."id" = 2) [0m
Rendering template within layouts/posts
Rendering posts/edit
Rendered posts/_form (12.0ms)
Completed in 49ms (View: 32, DB: 1) | 200 OK [http://localhost/posts/2/edit]


Processing PostsController#index (for 127.0.0.1 at 2009-11-04 15:37:28) [GET]
  [4;36;1mPost Load (2.1ms)[0m   [0;1mSELECT * FROM "posts" [0m
Rendering template within layouts/posts
Rendering posts/index
Completed in 62ms (View: 48, DB: 2) | 200 OK [http://localhost/posts]


Processing PostsController#new (for 127.0.0.1 at 2009-11-04 15:37:29) [GET]
Rendering template within layouts/posts
Rendering posts/new
Rendered posts/_form (78.6ms)
Completed in 107ms (View: 90, DB: 0) | 200 OK [http://localhost/posts/new]


Processing PostsController#index (for 127.0.0.1 at 2009-11-04 15:37:32) [GET]
  [4;35;1mPost Load (1.7ms)[0m   [0mSELECT * FROM "posts" [0m
Rendering template within layouts/posts
Rendering posts/index
Completed in 66ms (View: 51, DB: 2) | 200 OK [http://localhost/posts]


Processing PostsController#show (for 127.0.0.1 at 2009-11-04 15:37:34) [GET]
  Parameters: {"id"=>"2"}
  [4;36;1mPost Load (0.5ms)[0m   [0;1mSELECT * FROM "posts" WHERE ("posts"."id" = 2) [0m
Rendering template within layouts/posts
Rendering posts/show
Completed in 23ms (View: 6, DB: 1) | 200 OK [http://localhost/posts/2]


Processing PostsController#index (for 127.0.0.1 at 2009-11-04 15:37:36) [GET]
  [4;35;1mPost Load (1.5ms)[0m   [0mSELECT * FROM "posts" [0m
Rendering template within layouts/posts
Rendering posts/index
Completed in 64ms (View: 50, DB: 2) | 200 OK [http://localhost/posts]


Processing PostsController#new (for 127.0.0.1 at 2009-11-04 15:38:30) [GET]
Rendering template within layouts/posts
Rendering posts/new
Rendered posts/_form (10.5ms)
Rendered posts/_form (8.0ms)
Completed in 45ms (View: 29, DB: 0) | 200 OK [http://localhost/posts/new]


Processing PostsController#new (for 127.0.0.1 at 2009-11-04 15:39:02) [GET]
Rendering template within layouts/posts
Rendering posts/new
Rendered posts/_form (72.8ms)
Completed in 98ms (View: 82, DB: 0) | 200 OK [http://localhost/posts/new]


Processing PostsController#index (for 127.0.0.1 at 2009-11-04 15:39:04) [GET]
  [4;36;1mPost Load (1.7ms)[0m   [0;1mSELECT * FROM "posts" [0m
Rendering template within layouts/posts
Rendering posts/index
Completed in 64ms (View: 50, DB: 2) | 200 OK [http://localhost/posts]


Processing PostsController#destroy (for 127.0.0.1 at 2009-11-04 15:39:11) [DELETE]
  Parameters: {"authenticity_token"=>"y0RBRL4N6TQwPyhuWSk7fcHOfMQAzPtsJ20Q+MppSZo=", "id"=>"2"}
  [4;35;1mPost Load (0.6ms)[0m   [0mSELECT * FROM "posts" WHERE ("posts"."id" = 2) [0m
  [4;36;1mPost Destroy (0.8ms)[0m   [0;1mDELETE FROM "posts" WHERE "id" = 2[0m
Redirected to http://localhost:3000/posts
Completed in 22ms (DB: 1) | 302 Found [http://localhost/posts/2]


Processing PostsController#index (for 127.0.0.1 at 2009-11-04 15:39:11) [GET]
  [4;35;1mPost Load (1.3ms)[0m   [0mSELECT * FROM "posts" [0m
Rendering template within layouts/posts
Rendering posts/index
Completed in 51ms (View: 36, DB: 1) | 200 OK [http://localhost/posts]


Processing PostsController#index (for 127.0.0.1 at 2009-11-04 15:39:13) [GET]
  [4;36;1mPost Load (2.0ms)[0m   [0;1mSELECT * FROM "posts" [0m
Rendering template within layouts/posts
Rendering posts/index
Completed in 54ms (View: 40, DB: 2) | 200 OK [http://localhost/posts]


Processing PostsController#show (for 127.0.0.1 at 2009-11-04 15:41:31) [GET]
  Parameters: {"id"=>"1"}

NoMethodError (undefined method `find_post' for #<PostsController:0xb734576c>):
  

Rendered rescues/_trace (140.3ms)
Rendered rescues/_request_and_response (0.6ms)
Rendering rescues/layout (internal_server_error)


Processing PostsController#show (for 127.0.0.1 at 2009-11-04 15:42:29) [GET]
  Parameters: {"id"=>"1"}
  [4;35;1mPost Load (1.0ms)[0m   [0mSELECT * FROM "posts" WHERE ("posts"."id" = 1) [0m
Rendering template within layouts/posts
Rendering posts/show
Completed in 22ms (View: 5, DB: 1) | 200 OK [http://localhost/posts/1]


Processing PostsController#edit (for 127.0.0.1 at 2009-11-04 15:42:31) [GET]
  Parameters: {"id"=>"1"}
  [4;36;1mPost Load (1.3ms)[0m   [0;1mSELECT * FROM "posts" WHERE ("posts"."id" = 1) [0m
Rendering template within layouts/posts
Rendering posts/edit
Rendered posts/_form (11.0ms)
Completed in 29ms (View: 14, DB: 1) | 200 OK [http://localhost/posts/1/edit]


Processing PostsController#index (for 127.0.0.1 at 2009-11-04 15:42:33) [GET]
  [4;35;1mPost Load (0.8ms)[0m   [0mSELECT * FROM "posts" [0m
Rendering template within layouts/posts
Rendering posts/index
Completed in 54ms (View: 40, DB: 1) | 200 OK [http://localhost/posts]


Processing PostsController#destroy (for 127.0.0.1 at 2009-11-04 15:42:39) [DELETE]
  Parameters: {"authenticity_token"=>"y0RBRL4N6TQwPyhuWSk7fcHOfMQAzPtsJ20Q+MppSZo=", "id"=>"3"}
  [4;36;1mPost Load (0.7ms)[0m   [0;1mSELECT * FROM "posts" WHERE ("posts"."id" = 3) [0m
  [4;35;1mPost Destroy (1.4ms)[0m   [0mDELETE FROM "posts" WHERE "id" = 3[0m
Redirected to http://localhost:3000/posts
Completed in 22ms (DB: 2) | 302 Found [http://localhost/posts/3]


Processing PostsController#index (for 127.0.0.1 at 2009-11-04 15:42:39) [GET]
  [4;36;1mPost Load (1.8ms)[0m   [0;1mSELECT * FROM "posts" [0m
Rendering template within layouts/posts
Rendering posts/index
Completed in 104ms (View: 90, DB: 2) | 200 OK [http://localhost/posts]


Processing PostsController#index (for 127.0.0.1 at 2009-11-04 15:44:05) [GET]
  [4;35;1mPost Load (1.2ms)[0m   [0mSELECT * FROM "posts" [0m
Rendering template within layouts/posts
Rendering posts/index
Completed in 51ms (View: 38, DB: 1) | 200 OK [http://localhost/posts]


Processing PostsController#show (for 127.0.0.1 at 2009-11-04 15:44:08) [GET]
  Parameters: {"id"=>"1"}
  [4;36;1mPost Load (0.6ms)[0m   [0;1mSELECT * FROM "posts" WHERE ("posts"."id" = 1) [0m
Rendering template within layouts/posts
Rendering posts/show
Completed in 23ms (View: 7, DB: 1) | 200 OK [http://localhost/posts/1]


Processing PostsController#edit (for 127.0.0.1 at 2009-11-04 15:44:10) [GET]
  Parameters: {"id"=>"1"}
  [4;35;1mPost Load (0.5ms)[0m   [0mSELECT * FROM "posts" WHERE ("posts"."id" = 1) [0m
Rendering template within layouts/posts
Rendering posts/edit
Rendered posts/_form (11.4ms)
Completed in 31ms (View: 16, DB: 1) | 200 OK [http://localhost/posts/1/edit]


Processing PostsController#update (for 127.0.0.1 at 2009-11-04 15:44:12) [PUT]
  Parameters: {"commit"=>"Update", "authenticity_token"=>"y0RBRL4N6TQwPyhuWSk7fcHOfMQAzPtsJ20Q+MppSZo=", "post"=>{"name"=>"Rob", "title"=>"First Post", "content"=>"Hi there! !!!!"}, "id"=>"1"}
  [4;36;1mPost Load (0.6ms)[0m   [0;1mSELECT * FROM "posts" WHERE ("posts"."id" = 1) [0m
Rendering template within layouts/posts
Rendering posts/edit
Rendered posts/_form (23.2ms)
Completed in 48ms (View: 27, DB: 1) | 200 OK [http://localhost/posts/1]


Processing PostsController#update (for 127.0.0.1 at 2009-11-04 15:44:33) [PUT]
  Parameters: {"commit"=>"Update", "authenticity_token"=>"y0RBRL4N6TQwPyhuWSk7fcHOfMQAzPtsJ20Q+MppSZo=", "post"=>{"name"=>"Rob", "title"=>"First Post is a silly name for the first post in an database", "content"=>"Hi there! !!!!"}, "id"=>"1"}
  [4;35;1mPost Load (0.7ms)[0m   [0mSELECT * FROM "posts" WHERE ("posts"."id" = 1) [0m
  [4;36;1mPost Update (1.7ms)[0m   [0;1mUPDATE "posts" SET "title" = 'First Post is a silly name for the first post in an database', "updated_at" = '2009-11-04 23:44:33' WHERE "id" = 1[0m
Redirected to http://localhost:3000/posts/1
Completed in 26ms (DB: 2) | 302 Found [http://localhost/posts/1]


Processing PostsController#show (for 127.0.0.1 at 2009-11-04 15:44:33) [GET]
  Parameters: {"id"=>"1"}
  [4;35;1mPost Load (1.5ms)[0m   [0mSELECT * FROM "posts" WHERE ("posts"."id" = 1) [0m
Rendering template within layouts/posts
Rendering posts/show
Completed in 21ms (View: 6, DB: 1) | 200 OK [http://localhost/posts/1]


Processing PostsController#edit (for 127.0.0.1 at 2009-11-04 15:44:37) [GET]
  Parameters: {"id"=>"1"}
  [4;36;1mPost Load (0.2ms)[0m   [0;1mSELECT * FROM "posts" WHERE ("posts"."id" = 1) [0m
Rendering template within layouts/posts
Rendering posts/edit
Rendered posts/_form (77.0ms)
Completed in 95ms (View: 80, DB: 0) | 200 OK [http://localhost/posts/1/edit]


Processing PostsController#update (for 127.0.0.1 at 2009-11-04 15:44:43) [PUT]
  Parameters: {"commit"=>"Update", "authenticity_token"=>"y0RBRL4N6TQwPyhuWSk7fcHOfMQAzPtsJ20Q+MppSZo=", "post"=>{"name"=>"Rob", "title"=>"First Post is a silly name for the first post in a database", "content"=>"Hi there! !!!!"}, "id"=>"1"}
  [4;35;1mPost Load (0.6ms)[0m   [0mSELECT * FROM "posts" WHERE ("posts"."id" = 1) [0m
  [4;36;1mPost Update (1.4ms)[0m   [0;1mUPDATE "posts" SET "title" = 'First Post is a silly name for the first post in a database', "updated_at" = '2009-11-04 23:44:43' WHERE "id" = 1[0m
Redirected to http://localhost:3000/posts/1
Completed in 29ms (DB: 2) | 302 Found [http://localhost/posts/1]


Processing PostsController#show (for 127.0.0.1 at 2009-11-04 15:44:43) [GET]
  Parameters: {"id"=>"1"}
  [4;35;1mPost Load (0.3ms)[0m   [0mSELECT * FROM "posts" WHERE ("posts"."id" = 1) [0m
Rendering template within layouts/posts
Rendering posts/show
Completed in 31ms (View: 6, DB: 0) | 200 OK [http://localhost/posts/1]
  [4;36;1mSQL (1.2ms)[0m   [0;1m SELECT name
 FROM sqlite_master
 WHERE type = 'table' AND NOT name = 'sqlite_sequence'
[0m
  [4;35;1mSQL (0.3ms)[0m   [0mSELECT version FROM schema_migrations[0m
Migrating to CreatePosts (20091104230933)
Migrating to CreateComments (20091104234715)
  [4;36;1mSQL (0.2ms)[0m   [0;1mselect sqlite_version(*)[0m
  [4;35;1mSQL (0.8ms)[0m   [0mCREATE TABLE "comments" ("id" INTEGER PRIMARY KEY AUTOINCREMENT NOT NULL, "commenter" varchar(255), "body" text, "post_id" integer, "created_at" datetime, "updated_at" datetime) [0m
  [4;36;1mSQL (0.3ms)[0m   [0;1mINSERT INTO schema_migrations (version) VALUES ('20091104234715')[0m
  [4;35;1mSQL (0.8ms)[0m   [0m SELECT name
 FROM sqlite_master
 WHERE type = 'table' AND NOT name = 'sqlite_sequence'
[0m
  [4;36;1mSQL (0.6ms)[0m   [0;1mSELECT version FROM schema_migrations[0m
  [4;35;1mSQL (0.5ms)[0m   [0m SELECT name
 FROM sqlite_master
 WHERE type = 'table' AND NOT name = 'sqlite_sequence'
[0m
  [4;36;1mSQL (0.2ms)[0m   [0;1mPRAGMA index_list("comments")[0m
  [4;35;1mSQL (0.7ms)[0m   [0mPRAGMA index_list("posts")[0m


Processing CommentsController#index (for 127.0.0.1 at 2009-11-04 15:58:52) [GET]

ActiveRecord::RecordNotFound (Couldn't find Post without an ID):
  app/controllers/comments_controller.rb:3:in `index'

Rendered rescues/_trace (73.3ms)
Rendered rescues/_request_and_response (0.5ms)
Rendering rescues/layout (not_found)


Processing PostsController#show (for 127.0.0.1 at 2009-11-04 16:00:19) [GET]
  Parameters: {"id"=>"1"}
  [4;36;1mPost Load (1.3ms)[0m   [0;1mSELECT * FROM "posts" WHERE ("posts"."id" = 1) [0m
Rendering template within layouts/posts
Rendering posts/show
Completed in 28ms (View: 7, DB: 1) | 200 OK [http://localhost/posts/1]


Processing PostsController#index (for 127.0.0.1 at 2009-11-04 16:00:22) [GET]
  [4;35;1mPost Load (1.2ms)[0m   [0mSELECT * FROM "posts" [0m
Rendering template within layouts/posts
Rendering posts/index
Completed in 46ms (View: 30, DB: 1) | 200 OK [http://localhost/posts]


Processing PostsController#edit (for 127.0.0.1 at 2009-11-04 16:00:31) [GET]
  Parameters: {"id"=>"1"}
  [4;36;1mPost Load (0.6ms)[0m   [0;1mSELECT * FROM "posts" WHERE ("posts"."id" = 1) [0m
Rendering template within layouts/posts
Rendering posts/edit
Rendered posts/_form (12.6ms)
Completed in 34ms (View: 18, DB: 1) | 200 OK [http://localhost/posts/1/edit]


Processing PostsController#update (for 127.0.0.1 at 2009-11-04 16:00:38) [PUT]
  Parameters: {"commit"=>"Update", "authenticity_token"=>"y0RBRL4N6TQwPyhuWSk7fcHOfMQAzPtsJ20Q+MppSZo=", "post"=>{"name"=>"Rob", "title"=>"First Post", "content"=>"Hi there! !!!!"}, "id"=>"1"}
  [4;35;1mPost Load (0.9ms)[0m   [0mSELECT * FROM "posts" WHERE ("posts"."id" = 1) [0m
  [4;36;1mPost Update (1.0ms)[0m   [0;1mUPDATE "posts" SET "title" = 'First Post', "updated_at" = '2009-11-05 00:00:38' WHERE "id" = 1[0m
Redirected to http://localhost:3000/posts/1
Completed in 38ms (DB: 2) | 302 Found [http://localhost/posts/1]


Processing PostsController#show (for 127.0.0.1 at 2009-11-04 16:00:38) [GET]
  Parameters: {"id"=>"1"}
  [4;35;1mPost Load (1.0ms)[0m   [0mSELECT * FROM "posts" WHERE ("posts"."id" = 1) [0m
Rendering template within layouts/posts
Rendering posts/show
Completed in 24ms (View: 7, DB: 1) | 200 OK [http://localhost/posts/1]


Processing PostsController#index (for 127.0.0.1 at 2009-11-04 16:00:40) [GET]
  [4;36;1mPost Load (1.5ms)[0m   [0;1mSELECT * FROM "posts" [0m
Rendering template within layouts/posts
Rendering posts/index
Completed in 43ms (View: 28, DB: 1) | 200 OK [http://localhost/posts]


Processing CommentsController#index (for 127.0.0.1 at 2009-11-04 16:01:51) [GET]

ActiveRecord::RecordNotFound (Couldn't find Post without an ID):
  app/controllers/comments_controller.rb:3:in `index'

Rendered rescues/_trace (77.4ms)
Rendered rescues/_request_and_response (0.9ms)
Rendering rescues/layout (not_found)


Processing CommentsController#post (for 127.0.0.1 at 2009-11-04 16:02:02) [GET]
  Parameters: {"id"=>"1"}

ActionController::UnknownAction (No action responded to post. Actions: create, destroy, edit, index, new, show, and update):
  

Rendering rescues/layout (not_found)


Processing CommentsController#1 (for 127.0.0.1 at 2009-11-04 16:02:10) [GET]

ActionController::UnknownAction (No action responded to 1. Actions: create, destroy, edit, index, new, show, and update):
  

Rendering rescues/layout (not_found)
  [4;35;1mComment Create (0.2ms)[0m   [0mINSERT INTO "comments" ("updated_at", "body", "post_id", "commenter", "created_at") VALUES('2009-11-05 00:03:19', 'Hi', 1, 'Rob', '2009-11-05 00:03:19')[0m


Processing CommentsController#1 (for 127.0.0.1 at 2009-11-04 16:03:23) [GET]

ActionController::UnknownAction (No action responded to 1. Actions: create, destroy, edit, index, new, show, and update):
  

Rendering rescues/layout (not_found)


Processing CommentsController#1 (for 127.0.0.1 at 2009-11-04 16:03:26) [GET]

ActionController::UnknownAction (No action responded to 1. Actions: create, destroy, edit, index, new, show, and update):
  

Rendering rescues/layout (not_found)


Processing CommentsController#index (for 127.0.0.1 at 2009-11-04 16:03:30) [GET]

ActiveRecord::RecordNotFound (Couldn't find Post without an ID):
  app/controllers/comments_controller.rb:3:in `index'

Rendered rescues/_trace (76.4ms)
Rendered rescues/_request_and_response (0.0ms)
Rendering rescues/layout (not_found)


Processing ApplicationController#index (for 127.0.0.1 at 2009-11-04 16:03:36) [GET]

ActionController::RoutingError (No route matches "/comments/show.1" with {:method=>:get}):
  

Rendering rescues/layout (not_found)


Processing CommentsController#show (for 127.0.0.1 at 2009-11-04 16:03:40) [GET]
  Parameters: {"id"=>"1"}

ActiveRecord::RecordNotFound (Couldn't find Post without an ID):
  app/controllers/comments_controller.rb:8:in `show'

Rendered rescues/_trace (73.5ms)
Rendered rescues/_request_and_response (0.6ms)
Rendering rescues/layout (not_found)


Processing PostsController#show (for 127.0.0.1 at 2009-11-04 16:06:24) [GET]
  Parameters: {"id"=>"1"}
  [4;35;1mPost Load (0.0ms)[0m   [0mSELECT * FROM "posts" WHERE ("posts"."id" = 1) [0m
Rendering template within layouts/posts
Rendering posts/show
  [4;36;1mComment Load (0.1ms)[0m   [0;1mSELECT * FROM "comments" WHERE ("comments".post_id = 1) [0m
Completed in 128ms (View: 31, DB: 0) | 200 OK [http://localhost/posts/1]


Processing CommentsController#index (for 127.0.0.1 at 2009-11-04 16:06:34) [GET]
  Parameters: {"post_id"=>"1"}
  [4;35;1mPost Load (0.5ms)[0m   [0mSELECT * FROM "posts" WHERE ("posts"."id" = 1) [0m
Rendering comments/index
  [4;36;1mComment Load (0.9ms)[0m   [0;1mSELECT * FROM "comments" WHERE ("comments".post_id = 1) [0m
Completed in 62ms (View: 37, DB: 1) | 200 OK [http://localhost/posts/1/comments]


Processing CommentsController#new (for 127.0.0.1 at 2009-11-04 16:06:38) [GET]
  Parameters: {"post_id"=>"1"}
  [4;35;1mPost Load (0.6ms)[0m   [0mSELECT * FROM "posts" WHERE ("posts"."id" = 1) [0m
Rendering comments/new
Completed in 46ms (View: 18, DB: 1) | 200 OK [http://localhost/posts/1/comments/new]


Processing CommentsController#create (for 127.0.0.1 at 2009-11-04 16:06:47) [POST]
  Parameters: {"commit"=>"Create", "post_id"=>"1", "authenticity_token"=>"y0RBRL4N6TQwPyhuWSk7fcHOfMQAzPtsJ20Q+MppSZo=", "comment"=>{"body"=>"!!!!!!!!!!!!!!!!!!!!", "commenter"=>"argle bargle"}}
  [4;36;1mPost Load (2.2ms)[0m   [0;1mSELECT * FROM "posts" WHERE ("posts"."id" = 1) [0m
  [4;35;1mComment Create (0.8ms)[0m   [0mINSERT INTO "comments" ("updated_at", "body", "post_id", "commenter", "created_at") VALUES('2009-11-05 00:06:48', '!!!!!!!!!!!!!!!!!!!!', 1, 'argle bargle', '2009-11-05 00:06:48')[0m
Redirected to http://localhost:3000/posts/1/comments/2
Completed in 35ms (DB: 3) | 302 Found [http://localhost/posts/1/comments]


Processing CommentsController#show (for 127.0.0.1 at 2009-11-04 16:06:48) [GET]
  Parameters: {"post_id"=>"1", "id"=>"2"}
  [4;36;1mPost Load (1.4ms)[0m   [0;1mSELECT * FROM "posts" WHERE ("posts"."id" = 1) [0m
  [4;35;1mComment Load (0.8ms)[0m   [0mSELECT * FROM "comments" WHERE ("comments"."id" = 2 AND ("comments".post_id = 1)) [0m
Rendering comments/show
Completed in 45ms (View: 16, DB: 2) | 200 OK [http://localhost/posts/1/comments/2]


Processing CommentsController#index (for 127.0.0.1 at 2009-11-04 16:06:50) [GET]
  Parameters: {"post_id"=>"1"}
  [4;36;1mPost Load (0.2ms)[0m   [0;1mSELECT * FROM "posts" WHERE ("posts"."id" = 1) [0m
Rendering comments/index
  [4;35;1mComment Load (1.0ms)[0m   [0mSELECT * FROM "comments" WHERE ("comments".post_id = 1) [0m
Completed in 134ms (View: 106, DB: 1) | 200 OK [http://localhost/posts/1/comments]


Processing PostsController#show (for 127.0.0.1 at 2009-11-04 16:06:58) [GET]
  Parameters: {"id"=>"1"}
  [4;36;1mPost Load (0.6ms)[0m   [0;1mSELECT * FROM "posts" WHERE ("posts"."id" = 1) [0m
Rendering template within layouts/posts
Rendering posts/show
  [4;35;1mComment Load (1.1ms)[0m   [0mSELECT * FROM "comments" WHERE ("comments".post_id = 1) [0m
Completed in 38ms (View: 19, DB: 2) | 200 OK [http://localhost/posts/1]
  [4;36;1mSQL (1.2ms)[0m   [0;1m SELECT name
 FROM sqlite_master
 WHERE type = 'table' AND NOT name = 'sqlite_sequence'
[0m
  [4;35;1mSQL (0.5ms)[0m   [0mSELECT version FROM schema_migrations[0m
Migrating to CreatePosts (20091104230933)
Migrating to CreateComments (20091104234715)
Migrating to CreateTags (20091105000828)
  [4;36;1mSQL (0.0ms)[0m   [0;1mselect sqlite_version(*)[0m
  [4;35;1mSQL (1.4ms)[0m   [0mCREATE TABLE "tags" ("id" INTEGER PRIMARY KEY AUTOINCREMENT NOT NULL, "name" varchar(255), "post_id" integer, "created_at" datetime, "updated_at" datetime) [0m
  [4;36;1mSQL (0.3ms)[0m   [0;1mINSERT INTO schema_migrations (version) VALUES ('20091105000828')[0m
  [4;35;1mSQL (0.8ms)[0m   [0m SELECT name
 FROM sqlite_master
 WHERE type = 'table' AND NOT name = 'sqlite_sequence'
[0m
  [4;36;1mSQL (0.5ms)[0m   [0;1mSELECT version FROM schema_migrations[0m
  [4;35;1mSQL (0.5ms)[0m   [0m SELECT name
 FROM sqlite_master
 WHERE type = 'table' AND NOT name = 'sqlite_sequence'
[0m
  [4;36;1mSQL (0.3ms)[0m   [0;1mPRAGMA index_list("comments")[0m
  [4;35;1mSQL (0.1ms)[0m   [0mPRAGMA index_list("posts")[0m
  [4;36;1mSQL (0.1ms)[0m   [0;1mPRAGMA index_list("tags")[0m


Processing PostsController#show (for 127.0.0.1 at 2009-11-04 16:12:01) [GET]
  Parameters: {"id"=>"1"}
  [4;36;1mPost Load (0.5ms)[0m   [0;1mSELECT * FROM "posts" WHERE ("posts"."id" = 1) [0m
Rendering template within layouts/posts
Rendering posts/show
  [4;35;1mComment Load (1.2ms)[0m   [0mSELECT * FROM "comments" WHERE ("comments".post_id = 1) [0m
Completed in 41ms (View: 20, DB: 2) | 200 OK [http://localhost/posts/1]


Processing PostsController#index (for 127.0.0.1 at 2009-11-04 16:12:03) [GET]
  [4;36;1mPost Load (1.7ms)[0m   [0;1mSELECT * FROM "posts" [0m
Rendering template within layouts/posts
Rendering posts/index
Completed in 52ms (View: 29, DB: 2) | 200 OK [http://localhost/posts]


Processing PostsController#edit (for 127.0.0.1 at 2009-11-04 16:12:09) [GET]
  Parameters: {"id"=>"1"}
  [4;35;1mPost Load (0.9ms)[0m   [0mSELECT * FROM "posts" WHERE ("posts"."id" = 1) [0m
Rendering template within layouts/posts
Rendering posts/edit
  [4;36;1mSQL (0.9ms)[0m   [0;1mSELECT count(*) AS count_all FROM "tags" WHERE ("tags".post_id = 1) [0m
Rendered posts/_form (28.9ms)
Completed in 57ms (View: 38, DB: 2) | 200 OK [http://localhost/posts/1/edit]


Processing PostsController#update (for 127.0.0.1 at 2009-11-04 16:12:16) [PUT]
  Parameters: {"commit"=>"Save", "authenticity_token"=>"y0RBRL4N6TQwPyhuWSk7fcHOfMQAzPtsJ20Q+MppSZo=", "post"=>{"tags_attributes"=>{"0"=>{"name"=>"aaaaaaaaaaaa"}}, "name"=>"Rob", "title"=>"First Post", "content"=>"Hi there! !!!!"}, "id"=>"1"}
  [4;35;1mPost Load (0.6ms)[0m   [0mSELECT * FROM "posts" WHERE ("posts"."id" = 1) [0m
  [4;36;1mTag Create (0.5ms)[0m   [0;1mINSERT INTO "tags" ("name", "updated_at", "post_id", "created_at") VALUES('aaaaaaaaaaaa', '2009-11-05 00:12:16', 1, '2009-11-05 00:12:16')[0m
Redirected to http://localhost:3000/posts/1
Completed in 48ms (DB: 1) | 302 Found [http://localhost/posts/1]


Processing PostsController#show (for 127.0.0.1 at 2009-11-04 16:12:16) [GET]
  Parameters: {"id"=>"1"}
  [4;35;1mPost Load (0.0ms)[0m   [0mSELECT * FROM "posts" WHERE ("posts"."id" = 1) [0m
Rendering template within layouts/posts
Rendering posts/show
  [4;36;1mComment Load (0.9ms)[0m   [0;1mSELECT * FROM "comments" WHERE ("comments".post_id = 1) [0m
Completed in 41ms (View: 19, DB: 1) | 200 OK [http://localhost/posts/1]


Processing PostsController#index (for 127.0.0.1 at 2009-11-04 16:12:18) [GET]
  [4;35;1mPost Load (1.3ms)[0m   [0mSELECT * FROM "posts" [0m
Rendering template within layouts/posts
Rendering posts/index
Completed in 45ms (View: 29, DB: 1) | 200 OK [http://localhost/posts]


Processing PostsController#edit (for 127.0.0.1 at 2009-11-04 16:12:20) [GET]
  Parameters: {"id"=>"4"}
  [4;36;1mPost Load (0.3ms)[0m   [0;1mSELECT * FROM "posts" WHERE ("posts"."id" = 4) [0m
Rendering template within layouts/posts
Rendering posts/edit
  [4;35;1mSQL (0.2ms)[0m   [0mSELECT count(*) AS count_all FROM "tags" WHERE ("tags".post_id = 4) [0m
Rendered posts/_form (26.1ms)
Completed in 47ms (View: 29, DB: 0) | 200 OK [http://localhost/posts/4/edit]


Processing PostsController#update (for 127.0.0.1 at 2009-11-04 16:12:22) [PUT]
  Parameters: {"commit"=>"Save", "authenticity_token"=>"y0RBRL4N6TQwPyhuWSk7fcHOfMQAzPtsJ20Q+MppSZo=", "post"=>{"tags_attributes"=>{"0"=>{"name"=>"b"}}, "name"=>"Rob", "title"=>"Testing", "content"=>"Yoypoyoyyoyooy"}, "id"=>"4"}
  [4;36;1mPost Load (0.7ms)[0m   [0;1mSELECT * FROM "posts" WHERE ("posts"."id" = 4) [0m
  [4;35;1mTag Create (1.2ms)[0m   [0mINSERT INTO "tags" ("name", "updated_at", "post_id", "created_at") VALUES('b', '2009-11-05 00:12:22', 4, '2009-11-05 00:12:22')[0m
Redirected to http://localhost:3000/posts/4
Completed in 44ms (DB: 2) | 302 Found [http://localhost/posts/4]


Processing PostsController#show (for 127.0.0.1 at 2009-11-04 16:12:22) [GET]
  Parameters: {"id"=>"4"}
  [4;36;1mPost Load (0.5ms)[0m   [0;1mSELECT * FROM "posts" WHERE ("posts"."id" = 4) [0m
Rendering template within layouts/posts
Rendering posts/show
  [4;35;1mComment Load (0.5ms)[0m   [0mSELECT * FROM "comments" WHERE ("comments".post_id = 4) [0m
Completed in 33ms (View: 14, DB: 1) | 200 OK [http://localhost/posts/4]


Processing PostsController#index (for 127.0.0.1 at 2009-11-04 16:12:24) [GET]
  [4;36;1mPost Load (1.0ms)[0m   [0;1mSELECT * FROM "posts" [0m
Rendering template within layouts/posts
Rendering posts/index
Completed in 66ms (View: 29, DB: 1) | 200 OK [http://localhost/posts]


Processing PostsController#show (for 127.0.0.1 at 2009-11-04 16:12:28) [GET]
  Parameters: {"id"=>"1"}
  [4;35;1mPost Load (0.1ms)[0m   [0mSELECT * FROM "posts" WHERE ("posts"."id" = 1) [0m
Rendering template within layouts/posts
Rendering posts/show
  [4;36;1mComment Load (3.5ms)[0m   [0;1mSELECT * FROM "comments" WHERE ("comments".post_id = 1) [0m
Completed in 40ms (View: 18, DB: 4) | 200 OK [http://localhost/posts/1]


Processing CommentsController#index (for 127.0.0.1 at 2009-11-04 16:12:32) [GET]
  Parameters: {"post_id"=>"1"}
  [4;35;1mPost Load (1.1ms)[0m   [0mSELECT * FROM "posts" WHERE ("posts"."id" = 1) [0m
Rendering comments/index
  [4;36;1mComment Load (0.0ms)[0m   [0;1mSELECT * FROM "comments" WHERE ("comments".post_id = 1) [0m
Completed in 59ms (View: 34, DB: 1) | 200 OK [http://localhost/posts/1/comments]


Processing PostsController#show (for 127.0.0.1 at 2009-11-04 16:12:34) [GET]
  Parameters: {"id"=>"1"}
  [4;35;1mPost Load (0.6ms)[0m   [0mSELECT * FROM "posts" WHERE ("posts"."id" = 1) [0m
Rendering template within layouts/posts
Rendering posts/show
  [4;36;1mComment Load (0.4ms)[0m   [0;1mSELECT * FROM "comments" WHERE ("comments".post_id = 1) [0m
Completed in 38ms (View: 19, DB: 1) | 200 OK [http://localhost/posts/1]


Processing PostsController#index (for 127.0.0.1 at 2009-11-04 16:12:36) [GET]
  [4;35;1mPost Load (1.0ms)[0m   [0mSELECT * FROM "posts" [0m
Rendering template within layouts/posts
Rendering posts/index
Completed in 102ms (View: 85, DB: 1) | 200 OK [http://localhost/posts]


Processing PostsController#show (for 127.0.0.1 at 2009-11-04 16:12:37) [GET]
  Parameters: {"id"=>"4"}
  [4;36;1mPost Load (0.0ms)[0m   [0;1mSELECT * FROM "posts" WHERE ("posts"."id" = 4) [0m
Rendering template within layouts/posts
Rendering posts/show
  [4;35;1mComment Load (0.3ms)[0m   [0mSELECT * FROM "comments" WHERE ("comments".post_id = 4) [0m
Completed in 33ms (View: 15, DB: 0) | 200 OK [http://localhost/posts/4]


Processing PostsController#index (for 127.0.0.1 at 2009-11-04 16:12:41) [GET]
  [4;36;1mPost Load (1.8ms)[0m   [0;1mSELECT * FROM "posts" [0m
Rendering template within layouts/posts
Rendering posts/index
Completed in 48ms (View: 31, DB: 2) | 200 OK [http://localhost/posts]


Processing PostsController#show (for 127.0.0.1 at 2009-11-04 16:12:43) [GET]
  Parameters: {"id"=>"1"}
  [4;35;1mPost Load (0.5ms)[0m   [0mSELECT * FROM "posts" WHERE ("posts"."id" = 1) [0m
Rendering template within layouts/posts
Rendering posts/show
  [4;36;1mComment Load (0.0ms)[0m   [0;1mSELECT * FROM "comments" WHERE ("comments".post_id = 1) [0m
Completed in 40ms (View: 21, DB: 0) | 200 OK [http://localhost/posts/1]


Processing PostsController#index (for 127.0.0.1 at 2009-11-04 16:12:45) [GET]
  [4;35;1mPost Load (1.5ms)[0m   [0mSELECT * FROM "posts" [0m
Rendering template within layouts/posts
Rendering posts/index
Completed in 44ms (View: 29, DB: 2) | 200 OK [http://localhost/posts]


Processing PostsController#show (for 127.0.0.1 at 2009-11-04 16:12:47) [GET]
  Parameters: {"id"=>"4"}
  [4;36;1mPost Load (0.5ms)[0m   [0;1mSELECT * FROM "posts" WHERE ("posts"."id" = 4) [0m
Rendering template within layouts/posts
Rendering posts/show
  [4;35;1mComment Load (0.4ms)[0m   [0mSELECT * FROM "comments" WHERE ("comments".post_id = 4) [0m
Completed in 32ms (View: 14, DB: 1) | 200 OK [http://localhost/posts/4]


Processing PostsController#index (for 127.0.0.1 at 2009-11-04 16:12:50) [GET]
  [4;36;1mPost Load (1.3ms)[0m   [0;1mSELECT * FROM "posts" [0m
Rendering template within layouts/posts
Rendering posts/index
Completed in 46ms (View: 30, DB: 1) | 200 OK [http://localhost/posts]


Processing PostsController#edit (for 127.0.0.1 at 2009-11-04 16:14:10) [GET]
  Parameters: {"id"=>"1"}
  [4;35;1mPost Load (0.8ms)[0m   [0mSELECT * FROM "posts" WHERE ("posts"."id" = 1) [0m
Rendering template within layouts/posts
Rendering posts/edit
  [4;36;1mSQL (0.1ms)[0m   [0;1mSELECT count(*) AS count_all FROM "tags" WHERE ("tags".post_id = 1) [0m
  [4;35;1mTag Load (0.3ms)[0m   [0mSELECT * FROM "tags" WHERE ("tags".post_id = 1) [0m
Rendered posts/_form (32.0ms)
Completed in 54ms (View: 36, DB: 1) | 200 OK [http://localhost/posts/1/edit]


Processing PostsController#show (for 127.0.0.1 at 2009-11-04 16:15:28) [GET]
  Parameters: {"id"=>"1"}
  [4;36;1mPost Load (0.6ms)[0m   [0;1mSELECT * FROM "posts" WHERE ("posts"."id" = 1) [0m
Rendering template within layouts/posts
Rendering posts/show
  [4;35;1mComment Load (1.4ms)[0m   [0mSELECT * FROM "comments" WHERE ("comments".post_id = 1) [0m
Completed in 40ms (View: 20, DB: 2) | 200 OK [http://localhost/posts/1]


Processing PostsController#1 (for 127.0.0.1 at 2009-11-04 16:15:33) [GET]
  Parameters: {"id"=>"tags"}

ActionController::UnknownAction (No action responded to 1. Actions: create, destroy, edit, index, new, show, and update):
  

Rendering rescues/layout (not_found)


Processing PostsController#edit (for 127.0.0.1 at 2009-11-04 16:15:49) [GET]
  Parameters: {"id"=>"1"}
  [4;36;1mPost Load (0.7ms)[0m   [0;1mSELECT * FROM "posts" WHERE ("posts"."id" = 1) [0m
Rendering template within layouts/posts
Rendering posts/edit
  [4;35;1mSQL (0.4ms)[0m   [0mSELECT count(*) AS count_all FROM "tags" WHERE ("tags".post_id = 1) [0m
  [4;36;1mTag Load (1.0ms)[0m   [0;1mSELECT * FROM "tags" WHERE ("tags".post_id = 1) [0m
Rendered posts/_form (31.9ms)
Completed in 55ms (View: 35, DB: 2) | 200 OK [http://localhost/posts/1/edit]


Processing PostsController#index (for 127.0.0.1 at 2009-11-04 16:15:56) [GET]
  [4;35;1mPost Load (1.4ms)[0m   [0mSELECT * FROM "posts" [0m
Rendering template within layouts/posts
Rendering posts/index
Completed in 47ms (View: 30, DB: 1) | 200 OK [http://localhost/posts]


Processing PostsController#index (for 127.0.0.1 at 2009-11-06 14:36:07) [GET]
  [4;36;1mPost Load (1.8ms)[0m   [0;1mSELECT * FROM "posts" [0m
Rendering template within layouts/posts
Rendering posts/index
Completed in 220ms (View: 170, DB: 2) | 200 OK [http://localhost/posts]
  [4;36;1mSQL (0.6ms)[0m   [0;1mselect sqlite_version(*)[0m
  [4;35;1mSQL (0.1ms)[0m   [0m SELECT name
 FROM sqlite_master
 WHERE type = 'table' AND NOT name = 'sqlite_sequence'
[0m
  [4;36;1mSQL (4.6ms)[0m   [0;1mCREATE TABLE "comments" ("id" INTEGER PRIMARY KEY AUTOINCREMENT NOT NULL, "commenter" varchar(255), "body" text, "post_id" integer, "created_at" datetime, "updated_at" datetime) [0m
  [4;35;1mSQL (0.2ms)[0m   [0m SELECT name
 FROM sqlite_master
 WHERE type = 'table' AND NOT name = 'sqlite_sequence'
[0m
  [4;36;1mSQL (2.9ms)[0m   [0;1mCREATE TABLE "posts" ("id" INTEGER PRIMARY KEY AUTOINCREMENT NOT NULL, "name" varchar(255), "title" varchar(255), "content" text, "created_at" datetime, "updated_at" datetime) [0m
  [4;35;1mSQL (0.6ms)[0m   [0m SELECT name
 FROM sqlite_master
 WHERE type = 'table' AND NOT name = 'sqlite_sequence'
[0m
  [4;36;1mSQL (3.1ms)[0m   [0;1mCREATE TABLE "tags" ("id" INTEGER PRIMARY KEY AUTOINCREMENT NOT NULL, "name" varchar(255), "post_id" integer, "created_at" datetime, "updated_at" datetime) [0m
  [4;35;1mSQL (0.6ms)[0m   [0m SELECT name
 FROM sqlite_master
 WHERE type = 'table' AND NOT name = 'sqlite_sequence'
[0m
  [4;36;1mSQL (2.9ms)[0m   [0;1mCREATE TABLE "schema_migrations" ("version" varchar(255) NOT NULL) [0m
  [4;35;1mSQL (3.0ms)[0m   [0mCREATE UNIQUE INDEX "unique_schema_migrations" ON "schema_migrations" ("version")[0m
  [4;36;1mSQL (0.6ms)[0m   [0;1m SELECT name
 FROM sqlite_master
 WHERE type = 'table' AND NOT name = 'sqlite_sequence'
[0m
  [4;35;1mSQL (0.0ms)[0m   [0mSELECT version FROM "schema_migrations"[0m
  [4;36;1mSQL (2.6ms)[0m   [0;1mINSERT INTO "schema_migrations" (version) VALUES ('20091105000828')[0m
  [4;35;1mSQL (2.2ms)[0m   [0mINSERT INTO "schema_migrations" (version) VALUES ('20091104230933')[0m
  [4;36;1mSQL (2.4ms)[0m   [0;1mINSERT INTO "schema_migrations" (version) VALUES ('20091104234715')[0m
  [4;36;1mSQL (1.0ms)[0m   [0;1mselect sqlite_version(*)[0m
  [4;35;1mSQL (1.1ms)[0m   [0m SELECT name
 FROM sqlite_master
 WHERE type = 'table' AND NOT name = 'sqlite_sequence'
[0m
  [4;36;1mSQL (0.5ms)[0m   [0;1mSELECT version FROM schema_migrations[0m
  [4;35;1mSQL (0.6ms)[0m   [0m SELECT name
 FROM sqlite_master
 WHERE type = 'table' AND NOT name = 'sqlite_sequence'
[0m
  [4;36;1mSQL (0.7ms)[0m   [0;1mPRAGMA index_list("comments")[0m
  [4;35;1mSQL (0.1ms)[0m   [0mPRAGMA index_list("posts")[0m
  [4;36;1mSQL (0.7ms)[0m   [0;1mPRAGMA index_list("tags")[0m
  [4;35;1mSQL (0.3ms)[0m   [0mselect sqlite_version(*)[0m
  [4;36;1mSQL (0.3ms)[0m   [0;1m SELECT name
 FROM sqlite_master
 WHERE type = 'table' AND NOT name = 'sqlite_sequence'
[0m
  [4;35;1mSQL (3.8ms)[0m   [0mCREATE TABLE "comments" ("id" INTEGER PRIMARY KEY AUTOINCREMENT NOT NULL, "commenter" varchar(255), "body" text, "post_id" integer, "created_at" datetime, "updated_at" datetime) [0m
  [4;36;1mSQL (0.4ms)[0m   [0;1m SELECT name
 FROM sqlite_master
 WHERE type = 'table' AND NOT name = 'sqlite_sequence'
[0m
  [4;35;1mSQL (3.6ms)[0m   [0mCREATE TABLE "posts" ("id" INTEGER PRIMARY KEY AUTOINCREMENT NOT NULL, "name" varchar(255), "title" varchar(255), "content" text, "created_at" datetime, "updated_at" datetime) [0m
  [4;36;1mSQL (0.5ms)[0m   [0;1m SELECT name
 FROM sqlite_master
 WHERE type = 'table' AND NOT name = 'sqlite_sequence'
[0m
  [4;35;1mSQL (3.3ms)[0m   [0mCREATE TABLE "tags" ("id" INTEGER PRIMARY KEY AUTOINCREMENT NOT NULL, "name" varchar(255), "post_id" integer, "created_at" datetime, "updated_at" datetime) [0m
  [4;36;1mSQL (0.5ms)[0m   [0;1m SELECT name
 FROM sqlite_master
 WHERE type = 'table' AND NOT name = 'sqlite_sequence'
[0m
  [4;35;1mSQL (2.8ms)[0m   [0mCREATE TABLE "schema_migrations" ("version" varchar(255) NOT NULL) [0m
  [4;36;1mSQL (3.0ms)[0m   [0;1mCREATE UNIQUE INDEX "unique_schema_migrations" ON "schema_migrations" ("version")[0m
  [4;35;1mSQL (0.8ms)[0m   [0m SELECT name
 FROM sqlite_master
 WHERE type = 'table' AND NOT name = 'sqlite_sequence'
[0m
  [4;36;1mSQL (0.2ms)[0m   [0;1mSELECT version FROM "schema_migrations"[0m
  [4;35;1mSQL (2.2ms)[0m   [0mINSERT INTO "schema_migrations" (version) VALUES ('20091105000828')[0m
  [4;36;1mSQL (2.3ms)[0m   [0;1mINSERT INTO "schema_migrations" (version) VALUES ('20091104230933')[0m
  [4;35;1mSQL (2.3ms)[0m   [0mINSERT INTO "schema_migrations" (version) VALUES ('20091104234715')[0m
  [4;36;1mSQL (1.4ms)[0m   [0;1m SELECT name
 FROM sqlite_master
 WHERE type = 'table' AND NOT name = 'sqlite_sequence'
[0m
  [4;35;1mSQL (0.5ms)[0m   [0mSELECT version FROM schema_migrations[0m
  [4;36;1mSQL (0.3ms)[0m   [0;1mselect sqlite_version(*)[0m
  [4;35;1mSQL (0.0ms)[0m   [0m SELECT name
 FROM sqlite_master
 WHERE type = 'table' AND NOT name = 'sqlite_sequence'
[0m
  [4;36;1mSQL (3.9ms)[0m   [0;1mCREATE TABLE "comments" ("id" INTEGER PRIMARY KEY AUTOINCREMENT NOT NULL, "commenter" varchar(255), "body" text, "post_id" integer, "created_at" datetime, "updated_at" datetime) [0m
  [4;35;1mSQL (0.4ms)[0m   [0m SELECT name
 FROM sqlite_master
 WHERE type = 'table' AND NOT name = 'sqlite_sequence'
[0m
  [4;36;1mSQL (3.0ms)[0m   [0;1mCREATE TABLE "posts" ("id" INTEGER PRIMARY KEY AUTOINCREMENT NOT NULL, "name" varchar(255), "title" varchar(255), "content" text, "created_at" datetime, "updated_at" datetime) [0m
  [4;35;1mSQL (0.4ms)[0m   [0m SELECT name
 FROM sqlite_master
 WHERE type = 'table' AND NOT name = 'sqlite_sequence'
[0m
  [4;36;1mSQL (3.5ms)[0m   [0;1mCREATE TABLE "tags" ("id" INTEGER PRIMARY KEY AUTOINCREMENT NOT NULL, "name" varchar(255), "post_id" integer, "created_at" datetime, "updated_at" datetime) [0m
  [4;35;1mSQL (0.6ms)[0m   [0m SELECT name
 FROM sqlite_master
 WHERE type = 'table' AND NOT name = 'sqlite_sequence'
[0m
  [4;36;1mSQL (2.9ms)[0m   [0;1mCREATE TABLE "schema_migrations" ("version" varchar(255) NOT NULL) [0m
  [4;35;1mSQL (3.0ms)[0m   [0mCREATE UNIQUE INDEX "unique_schema_migrations" ON "schema_migrations" ("version")[0m
  [4;36;1mSQL (0.6ms)[0m   [0;1m SELECT name
 FROM sqlite_master
 WHERE type = 'table' AND NOT name = 'sqlite_sequence'
[0m
  [4;35;1mSQL (0.2ms)[0m   [0mSELECT version FROM "schema_migrations"[0m
  [4;36;1mSQL (2.2ms)[0m   [0;1mINSERT INTO "schema_migrations" (version) VALUES ('20091105000828')[0m
  [4;35;1mSQL (2.2ms)[0m   [0mINSERT INTO "schema_migrations" (version) VALUES ('20091104230933')[0m
  [4;36;1mSQL (2.6ms)[0m   [0;1mINSERT INTO "schema_migrations" (version) VALUES ('20091104234715')[0m
  [4;36;1mSQL (1.4ms)[0m   [0;1m SELECT name
 FROM sqlite_master
 WHERE type = 'table' AND NOT name = 'sqlite_sequence'
[0m
  [4;35;1mSQL (0.0ms)[0m   [0mSELECT version FROM schema_migrations[0m
  [4;36;1mSQL (0.3ms)[0m   [0;1mselect sqlite_version(*)[0m
  [4;35;1mSQL (0.3ms)[0m   [0m SELECT name
 FROM sqlite_master
 WHERE type = 'table' AND NOT name = 'sqlite_sequence'
[0m
  [4;36;1mSQL (3.6ms)[0m   [0;1mCREATE TABLE "comments" ("id" INTEGER PRIMARY KEY AUTOINCREMENT NOT NULL, "commenter" varchar(255), "body" text, "post_id" integer, "created_at" datetime, "updated_at" datetime) [0m
  [4;35;1mSQL (0.4ms)[0m   [0m SELECT name
 FROM sqlite_master
 WHERE type = 'table' AND NOT name = 'sqlite_sequence'
[0m
  [4;36;1mSQL (2.9ms)[0m   [0;1mCREATE TABLE "posts" ("id" INTEGER PRIMARY KEY AUTOINCREMENT NOT NULL, "name" varchar(255), "title" varchar(255), "content" text, "created_at" datetime, "updated_at" datetime) [0m
  [4;35;1mSQL (0.4ms)[0m   [0m SELECT name
 FROM sqlite_master
 WHERE type = 'table' AND NOT name = 'sqlite_sequence'
[0m
  [4;36;1mSQL (2.9ms)[0m   [0;1mCREATE TABLE "tags" ("id" INTEGER PRIMARY KEY AUTOINCREMENT NOT NULL, "name" varchar(255), "post_id" integer, "created_at" datetime, "updated_at" datetime) [0m
  [4;35;1mSQL (0.5ms)[0m   [0m SELECT name
 FROM sqlite_master
 WHERE type = 'table' AND NOT name = 'sqlite_sequence'
[0m
  [4;36;1mSQL (2.8ms)[0m   [0;1mCREATE TABLE "schema_migrations" ("version" varchar(255) NOT NULL) [0m
  [4;35;1mSQL (2.9ms)[0m   [0mCREATE UNIQUE INDEX "unique_schema_migrations" ON "schema_migrations" ("version")[0m
  [4;36;1mSQL (0.7ms)[0m   [0;1m SELECT name
 FROM sqlite_master
 WHERE type = 'table' AND NOT name = 'sqlite_sequence'
[0m
  [4;35;1mSQL (0.3ms)[0m   [0mSELECT version FROM "schema_migrations"[0m
  [4;36;1mSQL (2.2ms)[0m   [0;1mINSERT INTO "schema_migrations" (version) VALUES ('20091105000828')[0m
  [4;35;1mSQL (2.3ms)[0m   [0mINSERT INTO "schema_migrations" (version) VALUES ('20091104230933')[0m
  [4;36;1mSQL (2.2ms)[0m   [0;1mINSERT INTO "schema_migrations" (version) VALUES ('20091104234715')[0m
  [4;36;1mSQL (1.4ms)[0m   [0;1m SELECT name
 FROM sqlite_master
 WHERE type = 'table' AND NOT name = 'sqlite_sequence'
[0m
  [4;35;1mSQL (0.5ms)[0m   [0mSELECT version FROM schema_migrations[0m
  [4;36;1mSQL (0.3ms)[0m   [0;1mselect sqlite_version(*)[0m
  [4;35;1mSQL (0.3ms)[0m   [0m SELECT name
 FROM sqlite_master
 WHERE type = 'table' AND NOT name = 'sqlite_sequence'
[0m
  [4;36;1mSQL (4.3ms)[0m   [0;1mCREATE TABLE "comments" ("id" INTEGER PRIMARY KEY AUTOINCREMENT NOT NULL, "commenter" varchar(255), "body" text, "post_id" integer, "created_at" datetime, "updated_at" datetime) [0m
  [4;35;1mSQL (0.6ms)[0m   [0m SELECT name
 FROM sqlite_master
 WHERE type = 'table' AND NOT name = 'sqlite_sequence'
[0m
  [4;36;1mSQL (4.2ms)[0m   [0;1mCREATE TABLE "posts" ("id" INTEGER PRIMARY KEY AUTOINCREMENT NOT NULL, "name" varchar(255), "title" varchar(255), "content" text, "created_at" datetime, "updated_at" datetime) [0m
  [4;35;1mSQL (1.0ms)[0m   [0m SELECT name
 FROM sqlite_master
 WHERE type = 'table' AND NOT name = 'sqlite_sequence'
[0m
  [4;36;1mSQL (3.3ms)[0m   [0;1mCREATE TABLE "tags" ("id" INTEGER PRIMARY KEY AUTOINCREMENT NOT NULL, "name" varchar(255), "post_id" integer, "created_at" datetime, "updated_at" datetime) [0m
  [4;35;1mSQL (0.6ms)[0m   [0m SELECT name
 FROM sqlite_master
 WHERE type = 'table' AND NOT name = 'sqlite_sequence'
[0m
  [4;36;1mSQL (3.1ms)[0m   [0;1mCREATE TABLE "schema_migrations" ("version" varchar(255) NOT NULL) [0m
  [4;35;1mSQL (2.9ms)[0m   [0mCREATE UNIQUE INDEX "unique_schema_migrations" ON "schema_migrations" ("version")[0m
  [4;36;1mSQL (0.7ms)[0m   [0;1m SELECT name
 FROM sqlite_master
 WHERE type = 'table' AND NOT name = 'sqlite_sequence'
[0m
  [4;35;1mSQL (0.2ms)[0m   [0mSELECT version FROM "schema_migrations"[0m
  [4;36;1mSQL (2.6ms)[0m   [0;1mINSERT INTO "schema_migrations" (version) VALUES ('20091105000828')[0m
  [4;35;1mSQL (2.2ms)[0m   [0mINSERT INTO "schema_migrations" (version) VALUES ('20091104230933')[0m
  [4;36;1mSQL (2.3ms)[0m   [0;1mINSERT INTO "schema_migrations" (version) VALUES ('20091104234715')[0m
